Archive:  check.zip
  Length   Method    Size  Ratio   Date   Time   CRC-32    Name
 --------  ------  ------- -----   ----   ----   ------    ----
    17982  Defl:X     6649  63%  22-05-02 16:18  82734a69  COPYING
 --------          -------  ---                            -------
    17982             6649  63%                            1 files
Archive:  check.zip
  Length   Method    Size  Ratio   Date   Time   CRC-32    Name
 --------  ------  ------- -----   ----   ----   ------    ----
    17982  Defl:X     6597  63%  22-05-02 16:18  82734a69  COPYING
 --------          -------  ---                            -------
    17982             6597  63%                            1 files
Archive:  check.zip
  Length   Method    Size  Ratio   Date   Time   CRC-32    Name
 --------  ------  ------- -----   ----   ----   ------    ----
    17982  Defl:X     6591  63%  22-05-02 16:18  82734a69  COPYING
 --------          -------  ---                            -------
    17982             6591  63%                            1 files
Archive:  check.zip
  Length   Method    Size  Ratio   Date   Time   CRC-32    Name
 --------  ------  ------- -----   ----   ----   ------    ----
    17982  LZMA       6491  63%  22-05-02 16:18  82734a69  COPYING
 --------          -------  ---                            -------
    17982             6491  63%                            1 files
Archive:  check.zip
  Length   Method    Size  Ratio   Date   Time   CRC-32    Name
 --------  ------  ------- -----   ----   ----   ------    ----
    17982  LZMA       6487  63%  22-05-02 16:18  82734a69  COPYING
 --------          -------  ---                            -------
    17982             6487  63%                            1 files
Archive:  check.zip
  Length   Method    Size  Ratio   Date   Time   CRC-32    Name
 --------  ------  ------- -----   ----   ----   ------    ----
    17982  LZMA       6493  63%  22-05-02 16:18  82734a69  COPYING
 --------          -------  ---                            -------
    17982             6493  63%                            1 files
